Using pre-set license
Built from '2020.3/release' branch; Version is '2020.3.1f1 (77a89f25062f) revision 7841951'; Using compiler version '192528614'; Build Type 'Release'
OS: 'Windows 10 Home Single Language; OS build 19041.867; Version 2004; 64bit' Language: 'en' Physical Memory: 16235 MB
BatchMode: 1, IsHumanControllingUs: 0, StartBugReporterOnCrash: 0, Is64bit: 1, IsPro: 0

 COMMAND LINE ARGUMENTS:
C:\Program Files\Unity\Hub\Editor\2020.3.1f1\Editor\Unity.exe
-adb2
-batchMode
-noUpm
-name
AssetImportWorker0
-projectPath
C:/Users/mayan/Downloads/unity project/folder for git/InteractiveCircuitGame
-logFile
Logs/AssetImportWorker0.log
-srvPort
59684
Successfully changed project path to: C:/Users/mayan/Downloads/unity project/folder for git/InteractiveCircuitGame
C:/Users/mayan/Downloads/unity project/folder for git/InteractiveCircuitGame
Using Asset Import Pipeline V2.
Refreshing native plugins compatible for Editor in 38.47 ms, found 1 plugins.
Preloading 0 native plugins for Editor in 0.00 ms.
Initialize engine version: 2020.3.1f1 (77a89f25062f)
[Subsystems] Discovering subsystems at path C:/Program Files/Unity/Hub/Editor/2020.3.1f1/Editor/Data/Resources/UnitySubsystems
[Subsystems] Discovering subsystems at path C:/Users/mayan/Downloads/unity project/folder for git/InteractiveCircuitGame/Assets
GfxDevice: creating device client; threaded=0
Direct3D:
    Version:  Direct3D 11.0 [level 11.1]
    Renderer: NVIDIA GeForce GTX 1650 (ID=0x1f91)
    Vendor:   
    VRAM:     3962 MB
    Driver:   26.21.14.4193
Initialize mono
Mono path[0] = 'C:/Program Files/Unity/Hub/Editor/2020.3.1f1/Editor/Data/Managed'
Mono path[1] = 'C:/Program Files/Unity/Hub/Editor/2020.3.1f1/Editor/Data/MonoBleedingEdge/lib/mono/unityjit'
Mono config path = 'C:/Program Files/Unity/Hub/Editor/2020.3.1f1/Editor/Data/MonoBleedingEdge/etc'
Using monoOptions --debugger-agent=transport=dt_socket,embedding=1,server=y,suspend=n,address=127.0.0.1:56748
Begin MonoManager ReloadAssembly
Registering precompiled unity dll's ...
Register platform support module: C:/Program Files/Unity/Hub/Editor/2020.3.1f1/Editor/Data/PlaybackEngines/WebGLSupport/UnityEditor.WebGL.Extensions.dll
Register platform support module: C:/Program Files/Unity/Hub/Editor/2020.3.1f1/Editor/Data/PlaybackEngines/WindowsStandaloneSupport/UnityEditor.WindowsStandalone.Extensions.dll
Registered in 0.003613 seconds.
Native extension for WindowsStandalone target not found
Native extension for WebGL target not found
Refreshing native plugins compatible for Editor in 37.17 ms, found 1 plugins.
Preloading 0 native plugins for Editor in 0.00 ms.
Invoked RoslynAnalysisRunner static constructor.
RoslynAnalysisRunner will not be running.
RoslynAnalysisRunner has terminated.
Mono: successfully reloaded assembly
- Completed reload, in  2.375 seconds
Platform modules already initialized, skipping
Registering precompiled user dll's ...
Registered in 0.001831 seconds.
Begin MonoManager ReloadAssembly
Native extension for WindowsStandalone target not found
Native extension for WebGL target not found
Refreshing native plugins compatible for Editor in 37.80 ms, found 1 plugins.
Preloading 0 native plugins for Editor in 0.00 ms.
Invoked RoslynAnalysisRunner static constructor.
RoslynAnalysisRunner will not be running.
RoslynAnalysisRunner has terminated.
Mono: successfully reloaded assembly
- Completed reload, in  1.000 seconds
Platform modules already initialized, skipping
========================================================================
Worker process is ready to serve import requests
Launched and connected shader compiler UnityShaderCompiler.exe after 0.07 seconds
Refreshing native plugins compatible for Editor in 0.38 ms, found 1 plugins.
Preloading 0 native plugins for Editor in 0.00 ms.
Unloading 1932 Unused Serialized files (Serialized files now loaded: 0)
System memory in use before: 88.5 MB.
System memory in use after: 88.5 MB.

Unloading 26 unused Assets to reduce memory usage. Loaded Objects now: 2374.
Total: 2.467800 ms (FindLiveObjects: 0.225200 ms CreateObjectMapping: 0.083300 ms MarkObjects: 2.027700 ms  DeleteObjects: 0.130500 ms)

========================================================================
Received Import Request.
  path: Assets/SharpCircuit-master
  artifactKey: Guid(337062f9aca301e4a9f787b9acd436e5) Importer(815301076,1909f56bfc062723c751e8b465ee728b)
Start importing Assets/SharpCircuit-master using Guid(337062f9aca301e4a9f787b9acd436e5) Importer(815301076,1909f56bfc062723c751e8b465ee728b)  -> (artifact id: '210df371c813056267166a0ceda66c29') in 0.009396 seconds
  Import took 0.013028 seconds .

========================================================================
Received Import Request.
  Time since last request: 8.732034 seconds.
  path: Assets/SharpCircuits/SharpCircuits
  artifactKey: Guid(eef1c5c71ed26d5429748b5650352a8b) Importer(815301076,1909f56bfc062723c751e8b465ee728b)
Start importing Assets/SharpCircuits/SharpCircuits using Guid(eef1c5c71ed26d5429748b5650352a8b) Importer(815301076,1909f56bfc062723c751e8b465ee728b)  -> (artifact id: 'f05fee797d3ae7ed0a0655971a8f5fcd') in 0.013854 seconds
  Import took 0.019372 seconds .

AssetImportWorkerClient::OnTransportError - code=2 error=End of file
